Determining if the pthread_create exist failed with the following output:
Change Dir: /home/pi3/catkin_ws/build/ca_driver/CMakeFiles/CMakeTmp

Run Build Command:"/usr/bin/make" "cmTC_f732c/fast"
/usr/bin/make -f CMakeFiles/cmTC_f732c.dir/build.make CMakeFiles/cmTC_f732c.dir/build
make[1]: Entering directory '/home/pi3/catkin_ws/build/ca_driver/CMakeFiles/CMakeTmp'
Building C object CMakeFiles/cmTC_f732c.dir/CheckSymbolExists.c.o
/usr/bin/cc     -o CMakeFiles/cmTC_f732c.dir/CheckSymbolExists.c.o   -c /home/pi3/catkin_ws/build/ca_driver/CMakeFiles/CMakeTmp/CheckSymbolExists.c
Linking C executable cmTC_f732c
/usr/bin/cmake -E cmake_link_script CMakeFiles/cmTC_f732c.dir/link.txt --verbose=1
/usr/bin/cc       CMakeFiles/cmTC_f732c.dir/CheckSymbolExists.c.o  -o cmTC_f732c -rdynamic 
CMakeFiles/cmTC_f732c.dir/CheckSymbolExists.c.o: In function `main':
CheckSymbolExists.c:(.text+0xe): undefined reference to `pthread_create'
CheckSymbolExists.c:(.text+0x12): undefined reference to `pthread_create'
collect2: error: ld returned 1 exit status
CMakeFiles/cmTC_f732c.dir/build.make:97: recipe for target 'cmTC_f732c' failed
make[1]: *** [cmTC_f732c] Error 1
make[1]: Leaving directory '/home/pi3/catkin_ws/build/ca_driver/CMakeFiles/CMakeTmp'
Makefile:126: recipe for target 'cmTC_f732c/fast' failed
make: *** [cmTC_f732c/fast] Error 2

File /home/pi3/catkin_ws/build/ca_driver/CMakeFiles/CMakeTmp/CheckSymbolExists.c:
/* */
#include <pthread.h>

int main(int argc, char** argv)
{
  (void)argv;
#ifndef pthread_create
  return ((int*)(&pthread_create))[argc];
#else
  (void)argc;
  return 0;
#endif
}

Determining if the function pthread_create exists in the pthreads failed with the following output:
Change Dir: /home/pi3/catkin_ws/build/ca_driver/CMakeFiles/CMakeTmp

Run Build Command:"/usr/bin/make" "cmTC_87112/fast"
/usr/bin/make -f CMakeFiles/cmTC_87112.dir/build.make CMakeFiles/cmTC_87112.dir/build
make[1]: Entering directory '/home/pi3/catkin_ws/build/ca_driver/CMakeFiles/CMakeTmp'
Building C object CMakeFiles/cmTC_87112.dir/CheckFunctionExists.c.o
/usr/bin/cc    -DCHECK_FUNCTION_EXISTS=pthread_create   -o CMakeFiles/cmTC_87112.dir/CheckFunctionExists.c.o   -c /usr/share/cmake-3.5/Modules/CheckFunctionExists.c
Linking C executable cmTC_87112
/usr/bin/cmake -E cmake_link_script CMakeFiles/cmTC_87112.dir/link.txt --verbose=1
/usr/bin/cc   -DCHECK_FUNCTION_EXISTS=pthread_create    CMakeFiles/cmTC_87112.dir/CheckFunctionExists.c.o  -o cmTC_87112 -rdynamic -lpthreads 
/usr/bin/ld: cannot find -lpthreads
collect2: error: ld returned 1 exit status
CMakeFiles/cmTC_87112.dir/build.make:97: recipe for target 'cmTC_87112' failed
make[1]: *** [cmTC_87112] Error 1
make[1]: Leaving directory '/home/pi3/catkin_ws/build/ca_driver/CMakeFiles/CMakeTmp'
Makefile:126: recipe for target 'cmTC_87112/fast' failed
make: *** [cmTC_87112/fast] Error 2


