Determining if the pthread_create exist failed with the following output:
Change Dir: /home/pi3/catkin_ws/build/ca_msgs/CMakeFiles/CMakeTmp

Run Build Command:"/usr/bin/make" "cmTC_c6436/fast"
/usr/bin/make -f CMakeFiles/cmTC_c6436.dir/build.make CMakeFiles/cmTC_c6436.dir/build
make[1]: Entering directory '/home/pi3/catkin_ws/build/ca_msgs/CMakeFiles/CMakeTmp'
Building C object CMakeFiles/cmTC_c6436.dir/CheckSymbolExists.c.o
/usr/bin/cc     -o CMakeFiles/cmTC_c6436.dir/CheckSymbolExists.c.o   -c /home/pi3/catkin_ws/build/ca_msgs/CMakeFiles/CMakeTmp/CheckSymbolExists.c
Linking C executable cmTC_c6436
/usr/bin/cmake -E cmake_link_script CMakeFiles/cmTC_c6436.dir/link.txt --verbose=1
/usr/bin/cc       CMakeFiles/cmTC_c6436.dir/CheckSymbolExists.c.o  -o cmTC_c6436 -rdynamic 
CMakeFiles/cmTC_c6436.dir/CheckSymbolExists.c.o: In function `main':
CheckSymbolExists.c:(.text+0xe): undefined reference to `pthread_create'
CheckSymbolExists.c:(.text+0x12): undefined reference to `pthread_create'
collect2: error: ld returned 1 exit status
CMakeFiles/cmTC_c6436.dir/build.make:97: recipe for target 'cmTC_c6436' failed
make[1]: *** [cmTC_c6436] Error 1
make[1]: Leaving directory '/home/pi3/catkin_ws/build/ca_msgs/CMakeFiles/CMakeTmp'
Makefile:126: recipe for target 'cmTC_c6436/fast' failed
make: *** [cmTC_c6436/fast] Error 2

File /home/pi3/catkin_ws/build/ca_msgs/CMakeFiles/CMakeTmp/CheckSymbolExists.c:
/* */
#include <pthread.h>

int main(int argc, char** argv)
{
  (void)argv;
#ifndef pthread_create
  return ((int*)(&pthread_create))[argc];
#else
  (void)argc;
  return 0;
#endif
}

Determining if the function pthread_create exists in the pthreads failed with the following output:
Change Dir: /home/pi3/catkin_ws/build/ca_msgs/CMakeFiles/CMakeTmp

Run Build Command:"/usr/bin/make" "cmTC_39c90/fast"
/usr/bin/make -f CMakeFiles/cmTC_39c90.dir/build.make CMakeFiles/cmTC_39c90.dir/build
make[1]: Entering directory '/home/pi3/catkin_ws/build/ca_msgs/CMakeFiles/CMakeTmp'
Building C object CMakeFiles/cmTC_39c90.dir/CheckFunctionExists.c.o
/usr/bin/cc    -DCHECK_FUNCTION_EXISTS=pthread_create   -o CMakeFiles/cmTC_39c90.dir/CheckFunctionExists.c.o   -c /usr/share/cmake-3.5/Modules/CheckFunctionExists.c
Linking C executable cmTC_39c90
/usr/bin/cmake -E cmake_link_script CMakeFiles/cmTC_39c90.dir/link.txt --verbose=1
/usr/bin/cc   -DCHECK_FUNCTION_EXISTS=pthread_create    CMakeFiles/cmTC_39c90.dir/CheckFunctionExists.c.o  -o cmTC_39c90 -rdynamic -lpthreads 
/usr/bin/ld: cannot find -lpthreads
collect2: error: ld returned 1 exit status
CMakeFiles/cmTC_39c90.dir/build.make:97: recipe for target 'cmTC_39c90' failed
make[1]: *** [cmTC_39c90] Error 1
make[1]: Leaving directory '/home/pi3/catkin_ws/build/ca_msgs/CMakeFiles/CMakeTmp'
Makefile:126: recipe for target 'cmTC_39c90/fast' failed
make: *** [cmTC_39c90/fast] Error 2


